<?xml version="1.0" encoding="UTF-8"?>
<testsuite name="co.com.ceiba.estacionamiento.dao.FacturaDAOTest" tests="1" skipped="0" failures="0" errors="0" timestamp="2018-07-12T18:45:01" hostname="DANIEL-MUNOZ" time="0.017">
  <properties/>
  <testcase name="guardar" classname="co.com.ceiba.estacionamiento.dao.FacturaDAOTest" time="0.017"/>
  <system-out><![CDATA[]]></system-out>
  <system-err><![CDATA[]]></system-err>
</testsuite>
