<?xml version="1.0" encoding="UTF-8"?>
<testsuite name="co.com.ceiba.estacionamiento.EstacionamientoApplicationTests" tests="1" skipped="0" failures="0" errors="0" timestamp="2018-07-12T18:45:01" hostname="DANIEL-MUNOZ" time="0.0">
  <properties/>
  <testcase name="contextLoads" classname="co.com.ceiba.estacionamiento.EstacionamientoApplicationTests" time="0.0"/>
  <system-out><![CDATA[]]></system-out>
  <system-err><![CDATA[]]></system-err>
</testsuite>
